mode: set
user-management/internal/service/auth_service.go:23.65,25.2 1 1
user-management/internal/service/auth_service.go:27.57,30.16 2 1
user-management/internal/service/auth_service.go:30.16,32.3 1 0
user-management/internal/service/auth_service.go:33.2,35.28 2 1
user-management/internal/service/auth_service.go:38.72,40.16 2 1
user-management/internal/service/auth_service.go:40.16,42.3 1 1
user-management/internal/service/auth_service.go:44.2,45.16 2 1
user-management/internal/service/auth_service.go:45.16,47.3 1 1
user-management/internal/service/auth_service.go:50.2,56.18 3 1
user-management/internal/service/auth_service.go:56.18,58.3 1 1
user-management/internal/service/auth_service.go:60.2,61.16 2 1
user-management/internal/service/auth_service.go:61.16,63.3 1 0
user-management/internal/service/auth_service.go:65.2,65.25 1 1
user-management/internal/service/user_service.go:16.65,18.2 1 1
user-management/internal/service/user_service.go:20.60,22.2 1 1
user-management/internal/models/user.go:20.57,23.2 2 1
user-management/internal/middleware/auth_middleware.go:13.39,14.30 1 1
user-management/internal/middleware/auth_middleware.go:14.30,16.23 2 1
user-management/internal/middleware/auth_middleware.go:16.23,20.4 3 1
user-management/internal/middleware/auth_middleware.go:22.3,23.46 2 1
user-management/internal/middleware/auth_middleware.go:23.46,27.4 3 1
user-management/internal/middleware/auth_middleware.go:29.3,31.19 3 1
user-management/internal/middleware/auth_middleware.go:31.19,33.4 1 0
user-management/internal/middleware/auth_middleware.go:35.3,35.84 1 1
user-management/internal/middleware/auth_middleware.go:35.84,36.59 1 1
user-management/internal/middleware/auth_middleware.go:36.59,38.5 1 0
user-management/internal/middleware/auth_middleware.go:39.4,39.30 1 1
user-management/internal/middleware/auth_middleware.go:42.3,42.33 1 1
user-management/internal/middleware/auth_middleware.go:42.33,46.4 3 1
user-management/internal/middleware/auth_middleware.go:47.3,48.10 2 1
user-management/internal/middleware/auth_middleware.go:48.10,52.4 3 0
user-management/internal/middleware/auth_middleware.go:55.3,56.11 2 1
user-management/cmd/api/main.go:15.48,15.78 1 0
user-management/cmd/api/main.go:17.13,35.37 9 1
user-management/cmd/api/main.go:35.37,37.3 1 0
user-management/cmd/api/main.go:40.98,44.2 3 1
user-management/cmd/api/main.go:44.2,52.3 5 1
user-management/cmd/api/main.go:52.3,54.4 1 1
user-management/cmd/api/main.go:56.2,56.10 1 1
user-management/internal/config/database.go:13.33,14.43 1 1
user-management/internal/config/database.go:14.43,16.3 1 0
user-management/internal/config/database.go:18.2,26.16 3 1
user-management/internal/config/database.go:26.16,28.3 1 1
user-management/internal/config/database.go:29.2,30.16 2 0
user-management/internal/config/database.go:30.16,32.3 1 0
user-management/internal/config/database.go:34.2,34.11 1 0
user-management/internal/handler/auth_handler.go:15.67,17.2 1 1
user-management/internal/handler/auth_handler.go:19.48,21.48 2 1
user-management/internal/handler/auth_handler.go:21.48,24.3 2 1
user-management/internal/handler/auth_handler.go:25.2,25.54 1 1
user-management/internal/handler/auth_handler.go:25.54,28.3 2 1
user-management/internal/handler/auth_handler.go:31.2,39.4 1 1
user-management/internal/handler/auth_handler.go:42.45,49.56 2 1
user-management/internal/handler/auth_handler.go:49.56,52.3 2 1
user-management/internal/handler/auth_handler.go:54.2,55.16 2 1
user-management/internal/handler/auth_handler.go:55.16,59.3 2 1
user-management/internal/handler/auth_handler.go:61.2,61.46 1 1
user-management/internal/handler/user_handler.go:14.67,16.2 1 1
user-management/internal/handler/user_handler.go:18.48,20.16 2 1
user-management/internal/handler/user_handler.go:20.16,23.3 2 1
user-management/internal/handler/user_handler.go:26.2,27.29 2 1
user-management/internal/handler/user_handler.go:27.29,34.3 1 1
user-management/internal/handler/user_handler.go:37.2,37.26 1 1
user-management/internal/handler/user_handler.go:37.26,39.3 1 1
user-management/internal/handler/user_handler.go:41.2,41.54 1 1
user-management/internal/repository/user_repository.go:20.52,22.2 1 1
user-management/internal/repository/user_repository.go:24.58,26.2 1 1
user-management/internal/repository/user_repository.go:28.80,32.2 3 1
user-management/internal/repository/user_repository.go:34.59,38.2 3 1
