mode: set
user-management/internal/middleware/auth_middleware.go:13.39,14.30 1 0
user-management/internal/middleware/auth_middleware.go:14.30,16.23 2 0
user-management/internal/middleware/auth_middleware.go:16.23,20.4 3 0
user-management/internal/middleware/auth_middleware.go:22.3,23.46 2 0
user-management/internal/middleware/auth_middleware.go:23.46,27.4 3 0
user-management/internal/middleware/auth_middleware.go:29.3,31.19 3 0
user-management/internal/middleware/auth_middleware.go:31.19,33.4 1 0
user-management/internal/middleware/auth_middleware.go:35.3,35.84 1 0
user-management/internal/middleware/auth_middleware.go:35.84,36.59 1 0
user-management/internal/middleware/auth_middleware.go:36.59,38.5 1 0
user-management/internal/middleware/auth_middleware.go:39.4,39.30 1 0
user-management/internal/middleware/auth_middleware.go:42.3,42.33 1 0
user-management/internal/middleware/auth_middleware.go:42.33,46.4 3 0
user-management/internal/middleware/auth_middleware.go:47.3,48.10 2 0
user-management/internal/middleware/auth_middleware.go:48.10,52.4 3 0
user-management/internal/middleware/auth_middleware.go:55.3,56.11 2 0
user-management/internal/handler/auth_handler.go:15.67,17.2 1 0
user-management/internal/handler/auth_handler.go:19.48,21.48 2 0
user-management/internal/handler/auth_handler.go:21.48,24.3 2 0
user-management/internal/handler/auth_handler.go:25.2,25.54 1 0
user-management/internal/handler/auth_handler.go:25.54,28.3 2 0
user-management/internal/handler/auth_handler.go:31.2,40.4 1 0
user-management/internal/handler/auth_handler.go:43.45,50.56 2 0
user-management/internal/handler/auth_handler.go:50.56,53.3 2 0
user-management/internal/handler/auth_handler.go:55.2,56.16 2 0
user-management/internal/handler/auth_handler.go:56.16,60.3 2 0
user-management/internal/handler/auth_handler.go:62.2,62.46 1 0
user-management/internal/handler/user_handler.go:14.67,16.2 1 0
user-management/internal/handler/user_handler.go:18.48,20.16 2 0
user-management/internal/handler/user_handler.go:20.16,23.3 2 0
user-management/internal/handler/user_handler.go:26.2,27.29 2 0
user-management/internal/handler/user_handler.go:27.29,34.3 1 0
user-management/internal/handler/user_handler.go:37.2,37.26 1 0
user-management/internal/handler/user_handler.go:37.26,39.3 1 0
user-management/internal/handler/user_handler.go:41.2,41.54 1 0
user-management/cmd/api/main.go:14.13,34.2 9 0
user-management/cmd/api/main.go:34.2,42.3 5 0
user-management/cmd/api/main.go:42.3,44.4 1 0
user-management/cmd/api/main.go:47.2,48.16 2 0
user-management/internal/config/database.go:13.33,14.43 1 0
user-management/internal/config/database.go:14.43,16.3 1 0
user-management/internal/config/database.go:18.2,26.16 3 0
user-management/internal/config/database.go:26.16,28.3 1 0
user-management/internal/config/database.go:29.2,30.16 2 0
user-management/internal/config/database.go:30.16,32.3 1 0
user-management/internal/config/database.go:34.2,34.11 1 0
user-management/internal/repository/user_repository.go:20.52,22.2 1 0
user-management/internal/repository/user_repository.go:24.58,26.2 1 0
user-management/internal/repository/user_repository.go:28.80,32.2 3 0
user-management/internal/repository/user_repository.go:34.59,38.2 3 0
user-management/internal/models/user.go:21.57,24.2 2 1
user-management/internal/service/auth_service.go:23.65,25.2 1 1
user-management/internal/service/auth_service.go:27.57,30.16 2 1
user-management/internal/service/auth_service.go:30.16,32.3 1 0
user-management/internal/service/auth_service.go:33.2,35.28 2 1
user-management/internal/service/auth_service.go:38.72,40.16 2 1
user-management/internal/service/auth_service.go:40.16,42.3 1 1
user-management/internal/service/auth_service.go:44.2,45.16 2 1
user-management/internal/service/auth_service.go:45.16,47.3 1 1
user-management/internal/service/auth_service.go:50.2,56.18 3 1
user-management/internal/service/auth_service.go:56.18,58.3 1 1
user-management/internal/service/auth_service.go:60.2,61.16 2 1
user-management/internal/service/auth_service.go:61.16,63.3 1 0
user-management/internal/service/auth_service.go:65.2,65.25 1 1
user-management/internal/service/user_service.go:16.65,18.2 1 1
user-management/internal/service/user_service.go:20.60,22.2 1 1
